running develop
running egg_info
creating ir_line_follower.egg-info
writing ir_line_follower.egg-info/PKG-INFO
writing dependency_links to ir_line_follower.egg-info/dependency_links.txt
writing entry points to ir_line_follower.egg-info/entry_points.txt
writing requirements to ir_line_follower.egg-info/requires.txt
writing top-level names to ir_line_follower.egg-info/top_level.txt
writing manifest file 'ir_line_follower.egg-info/SOURCES.txt'
reading manifest file 'ir_line_follower.egg-info/SOURCES.txt'
writing manifest file 'ir_line_follower.egg-info/SOURCES.txt'
running build_ext
Creating /home/shreya/ir_line_follower_ws/install/ir_line_follower/lib/python3.12/site-packages/ir-line-follower.egg-link (link to .)
Installing ir_controller_node script to /home/shreya/ir_line_follower_ws/install/ir_line_follower/lib/ir_line_follower
Installing ir_sensor_node script to /home/shreya/ir_line_follower_ws/install/ir_line_follower/lib/ir_line_follower

Installed /home/shreya/ir_line_follower_ws/build/ir_line_follower
running symlink_data
creating /home/shreya/ir_line_follower_ws/install/ir_line_follower/share/ament_index
creating /home/shreya/ir_line_follower_ws/install/ir_line_follower/share/ament_index/resource_index
creating /home/shreya/ir_line_follower_ws/install/ir_line_follower/share/ament_index/resource_index/packages
symbolically linking /home/shreya/ir_line_follower_ws/build/ir_line_follower/resource/ir_line_follower -> /home/shreya/ir_line_follower_ws/install/ir_line_follower/share/ament_index/resource_index/packages
symbolically linking /home/shreya/ir_line_follower_ws/build/ir_line_follower/package.xml -> /home/shreya/ir_line_follower_ws/install/ir_line_follower/share/ir_line_follower
creating /home/shreya/ir_line_follower_ws/install/ir_line_follower/share/ir_line_follower/launch
symbolically linking /home/shreya/ir_line_follower_ws/build/ir_line_follower/launch/ir_line_follower.launch.py -> /home/shreya/ir_line_follower_ws/install/ir_line_follower/share/ir_line_follower/launch
creating /home/shreya/ir_line_follower_ws/install/ir_line_follower/share/ir_line_follower/worlds
symbolically linking /home/shreya/ir_line_follower_ws/build/ir_line_follower/worlds/ir_worlds.sdf -> /home/shreya/ir_line_follower_ws/install/ir_line_follower/share/ir_line_follower/worlds
creating /home/shreya/ir_line_follower_ws/install/ir_line_follower/share/ir_line_follower/config
symbolically linking /home/shreya/ir_line_follower_ws/build/ir_line_follower/config/bridge.yaml -> /home/shreya/ir_line_follower_ws/install/ir_line_follower/share/ir_line_follower/config
creating /home/shreya/ir_line_follower_ws/install/ir_line_follower/share/ir_line_follower/models
creating /home/shreya/ir_line_follower_ws/install/ir_line_follower/share/ir_line_follower/models/ir_robot
symbolically linking /home/shreya/ir_line_follower_ws/build/ir_line_follower/models/ir_robot/model.config -> /home/shreya/ir_line_follower_ws/install/ir_line_follower/share/ir_line_follower/models/ir_robot
symbolically linking /home/shreya/ir_line_follower_ws/build/ir_line_follower/models/ir_robot/model.sdf -> /home/shreya/ir_line_follower_ws/install/ir_line_follower/share/ir_line_follower/models/ir_robot
