[0.287s] DEBUG:colcon:Command line arguments: ['/usr/bin/colcon', 'build', '--symlink-install']
[0.287s] DEBUG:colcon:Parsed command line arguments: Namespace(log_base=None, log_level=None, verb_name='build', build_base='build', install_base='install', merge_install=False, symlink_install=True, test_result_base=None, continue_on_error=False, executor='parallel', parallel_workers=8, event_handlers=None, ignore_user_meta=False, metas=['./colcon.meta'], base_paths=['.'], packages_ignore=None, packages_ignore_regex=None, paths=None, packages_up_to=None, packages_up_to_regex=None, packages_above=None, packages_above_and_dependencies=None, packages_above_depth=None, packages_select_by_dep=None, packages_skip_by_dep=None, packages_skip_up_to=None, packages_select_build_failed=False, packages_skip_build_finished=False, packages_select_test_failures=False, packages_skip_test_passed=False, packages_select=None, packages_skip=None, packages_select_regex=None, packages_skip_regex=None, packages_start=None, packages_end=None, allow_overriding=[], cmake_args=None, cmake_target=None, cmake_target_skip_unavailable=False, cmake_clean_cache=False, cmake_clean_first=False, cmake_force_configure=False, ament_cmake_args=None, catkin_cmake_args=None, catkin_skip_building_tests=False, verb_parser=<colcon_defaults.argument_parser.defaults.DefaultArgumentsDecorator object at 0x784a7c95b440>, verb_extension=<colcon_core.verb.build.BuildVerb object at 0x784a7c95b260>, main=<bound method BuildVerb.main of <colcon_core.verb.build.BuildVerb object at 0x784a7c95b260>>)
[0.359s] Level 1:colcon.colcon_core.package_discovery:discover_packages(colcon_meta) check parameters
[0.359s] Level 1:colcon.colcon_core.package_discovery:discover_packages(recursive) check parameters
[0.359s] Level 1:colcon.colcon_core.package_discovery:discover_packages(ignore) check parameters
[0.360s] Level 1:colcon.colcon_core.package_discovery:discover_packages(path) check parameters
[0.360s] Level 1:colcon.colcon_core.package_discovery:discover_packages(colcon_meta) discover
[0.360s] Level 1:colcon.colcon_core.package_discovery:discover_packages(recursive) discover
[0.360s] INFO:colcon.colcon_core.package_discovery:Crawling recursively for packages in '/home/shreya/ir_line_follower_ws'
[0.360s] Level 1:colcon.colcon_core.package_identification:_identify(.) by extensions ['ignore', 'ignore_ament_install']
[0.360s] Level 1:colcon.colcon_core.package_identification:_identify(.) by extension 'ignore'
[0.360s] Level 1:colcon.colcon_core.package_identification:_identify(.) by extension 'ignore_ament_install'
[0.360s] Level 1:colcon.colcon_core.package_identification:_identify(.) by extensions ['colcon_pkg']
[0.360s] Level 1:colcon.colcon_core.package_identification:_identify(.) by extension 'colcon_pkg'
[0.360s] Level 1:colcon.colcon_core.package_identification:_identify(.) by extensions ['colcon_meta']
[0.360s] Level 1:colcon.colcon_core.package_identification:_identify(.) by extension 'colcon_meta'
[0.361s] Level 1:colcon.colcon_core.package_identification:_identify(.) by extensions ['ros']
[0.361s] Level 1:colcon.colcon_core.package_identification:_identify(.) by extension 'ros'
[0.412s] Level 1:colcon.colcon_core.package_identification:_identify(.) by extensions ['cmake', 'python']
[0.412s] Level 1:colcon.colcon_core.package_identification:_identify(.) by extension 'cmake'
[0.412s] Level 1:colcon.colcon_core.package_identification:_identify(.) by extension 'python'
[0.412s] Level 1:colcon.colcon_core.package_identification:_identify(.) by extensions ['python_setup_py']
[0.413s] Level 1:colcon.colcon_core.package_identification:_identify(.) by extension 'python_setup_py'
[0.413s] Level 1:colcon.colcon_core.package_identification:_identify(build) by extensions ['ignore', 'ignore_ament_install']
[0.414s] Level 1:colcon.colcon_core.package_identification:_identify(build) by extension 'ignore'
[0.414s] Level 1:colcon.colcon_core.package_identification:_identify(build) ignored
[0.414s] Level 1:colcon.colcon_core.package_identification:_identify(install) by extensions ['ignore', 'ignore_ament_install']
[0.414s] Level 1:colcon.colcon_core.package_identification:_identify(install) by extension 'ignore'
[0.414s] Level 1:colcon.colcon_core.package_identification:_identify(install) ignored
[0.415s] Level 1:colcon.colcon_core.package_identification:_identify(log) by extensions ['ignore', 'ignore_ament_install']
[0.415s] Level 1:colcon.colcon_core.package_identification:_identify(log) by extension 'ignore'
[0.415s] Level 1:colcon.colcon_core.package_identification:_identify(log) ignored
[0.415s] Level 1:colcon.colcon_core.package_identification:_identify(src) by extensions ['ignore', 'ignore_ament_install']
[0.415s] Level 1:colcon.colcon_core.package_identification:_identify(src) by extension 'ignore'
[0.416s] Level 1:colcon.colcon_core.package_identification:_identify(src) by extension 'ignore_ament_install'
[0.416s] Level 1:colcon.colcon_core.package_identification:_identify(src) by extensions ['colcon_pkg']
[0.416s] Level 1:colcon.colcon_core.package_identification:_identify(src) by extension 'colcon_pkg'
[0.416s] Level 1:colcon.colcon_core.package_identification:_identify(src) by extensions ['colcon_meta']
[0.417s] Level 1:colcon.colcon_core.package_identification:_identify(src) by extension 'colcon_meta'
[0.418s] Level 1:colcon.colcon_core.package_identification:_identify(src) by extensions ['ros']
[0.418s] Level 1:colcon.colcon_core.package_identification:_identify(src) by extension 'ros'
[0.418s] Level 1:colcon.colcon_core.package_identification:_identify(src) by extensions ['cmake', 'python']
[0.418s] Level 1:colcon.colcon_core.package_identification:_identify(src) by extension 'cmake'
[0.419s] Level 1:colcon.colcon_core.package_identification:_identify(src) by extension 'python'
[0.419s] Level 1:colcon.colcon_core.package_identification:_identify(src) by extensions ['python_setup_py']
[0.419s] Level 1:colcon.colcon_core.package_identification:_identify(src) by extension 'python_setup_py'
[0.419s] Level 1:colcon.colcon_core.package_identification:_identify(src/ir_line_follower) by extensions ['ignore', 'ignore_ament_install']
[0.420s] Level 1:colcon.colcon_core.package_identification:_identify(src/ir_line_follower) by extension 'ignore'
[0.420s] Level 1:colcon.colcon_core.package_identification:_identify(src/ir_line_follower) by extension 'ignore_ament_install'
[0.420s] Level 1:colcon.colcon_core.package_identification:_identify(src/ir_line_follower) by extensions ['colcon_pkg']
[0.420s] Level 1:colcon.colcon_core.package_identification:_identify(src/ir_line_follower) by extension 'colcon_pkg'
[0.420s] Level 1:colcon.colcon_core.package_identification:_identify(src/ir_line_follower) by extensions ['colcon_meta']
[0.421s] Level 1:colcon.colcon_core.package_identification:_identify(src/ir_line_follower) by extension 'colcon_meta'
[0.421s] Level 1:colcon.colcon_core.package_identification:_identify(src/ir_line_follower) by extensions ['ros']
[0.421s] Level 1:colcon.colcon_core.package_identification:_identify(src/ir_line_follower) by extension 'ros'
[0.427s] DEBUG:colcon.colcon_core.package_identification:Package 'src/ir_line_follower' with type 'ros.ament_python' and name 'ir_line_follower'
[0.427s] Level 1:colcon.colcon_core.package_discovery:discover_packages(recursive) using defaults
[0.428s] Level 1:colcon.colcon_core.package_discovery:discover_packages(ignore) discover
[0.428s] Level 1:colcon.colcon_core.package_discovery:discover_packages(ignore) using defaults
[0.428s] Level 1:colcon.colcon_core.package_discovery:discover_packages(path) discover
[0.428s] Level 1:colcon.colcon_core.package_discovery:discover_packages(path) using defaults
[0.474s] Level 1:colcon.colcon_core.package_discovery:discover_packages(prefix_path) check parameters
[0.474s] Level 1:colcon.colcon_core.package_discovery:discover_packages(prefix_path) discover
[0.475s] WARNING:colcon.colcon_ros.prefix_path.ament:The path '/home/shreya/ir_line_follower_ws/install/ir_line_follower' in the environment variable AMENT_PREFIX_PATH doesn't exist
[0.477s] DEBUG:colcon.colcon_installed_package_information.package_discovery:Found 0 installed packages in /home/shreya/ir_line_follower_ws/install
[0.480s] DEBUG:colcon.colcon_installed_package_information.package_discovery:Found 319 installed packages in /opt/ros/jazzy
[0.482s] Level 1:colcon.colcon_core.package_discovery:discover_packages(prefix_path) using defaults
[0.560s] Level 5:colcon.colcon_core.verb:set package 'ir_line_follower' build argument 'cmake_args' from command line to 'None'
[0.560s] Level 5:colcon.colcon_core.verb:set package 'ir_line_follower' build argument 'cmake_target' from command line to 'None'
[0.560s] Level 5:colcon.colcon_core.verb:set package 'ir_line_follower' build argument 'cmake_target_skip_unavailable' from command line to 'False'
[0.560s] Level 5:colcon.colcon_core.verb:set package 'ir_line_follower' build argument 'cmake_clean_cache' from command line to 'False'
[0.560s] Level 5:colcon.colcon_core.verb:set package 'ir_line_follower' build argument 'cmake_clean_first' from command line to 'False'
[0.560s] Level 5:colcon.colcon_core.verb:set package 'ir_line_follower' build argument 'cmake_force_configure' from command line to 'False'
[0.560s] Level 5:colcon.colcon_core.verb:set package 'ir_line_follower' build argument 'ament_cmake_args' from command line to 'None'
[0.560s] Level 5:colcon.colcon_core.verb:set package 'ir_line_follower' build argument 'catkin_cmake_args' from command line to 'None'
[0.560s] Level 5:colcon.colcon_core.verb:set package 'ir_line_follower' build argument 'catkin_skip_building_tests' from command line to 'False'
[0.561s] DEBUG:colcon.colcon_core.verb:Building package 'ir_line_follower' with the following arguments: {'ament_cmake_args': None, 'build_base': '/home/shreya/ir_line_follower_ws/build/ir_line_follower', 'catkin_cmake_args': None, 'catkin_skip_building_tests': False, 'cmake_args': None, 'cmake_clean_cache': False, 'cmake_clean_first': False, 'cmake_force_configure': False, 'cmake_target': None, 'cmake_target_skip_unavailable': False, 'install_base': '/home/shreya/ir_line_follower_ws/install/ir_line_follower', 'merge_install': False, 'path': '/home/shreya/ir_line_follower_ws/src/ir_line_follower', 'symlink_install': True, 'test_result_base': None}
[0.561s] INFO:colcon.colcon_core.executor:Executing jobs using 'parallel' executor
[0.563s] DEBUG:colcon.colcon_parallel_executor.executor.parallel:run_until_complete
[0.564s] INFO:colcon.colcon_ros.task.ament_python.build:Building ROS package in '/home/shreya/ir_line_follower_ws/src/ir_line_follower' with build type 'ament_python'
[0.564s] Level 1:colcon.colcon_core.shell:create_environment_hook('ir_line_follower', 'ament_prefix_path')
[0.567s] INFO:colcon.colcon_core.plugin_system:Skipping extension 'colcon_core.shell.bat': Not used on non-Windows systems
[0.567s] INFO:colcon.colcon_core.shell:Creating environment hook '/home/shreya/ir_line_follower_ws/install/ir_line_follower/share/ir_line_follower/hook/ament_prefix_path.ps1'
[0.569s] INFO:colcon.colcon_core.shell:Creating environment descriptor '/home/shreya/ir_line_follower_ws/install/ir_line_follower/share/ir_line_follower/hook/ament_prefix_path.dsv'
[0.570s] INFO:colcon.colcon_core.shell:Creating environment hook '/home/shreya/ir_line_follower_ws/install/ir_line_follower/share/ir_line_follower/hook/ament_prefix_path.sh'
[0.571s] INFO:colcon.colcon_core.shell:Skip shell extension 'powershell' for command environment: Not usable outside of PowerShell
[0.572s] DEBUG:colcon.colcon_core.shell:Skip shell extension 'dsv' for command environment
[0.938s] INFO:colcon.colcon_core.task.python.build:Building Python package in '/home/shreya/ir_line_follower_ws/src/ir_line_follower'
[0.938s] INFO:colcon.colcon_core.shell:Skip shell extension 'powershell' for command environment: Not usable outside of PowerShell
[0.938s] DEBUG:colcon.colcon_core.shell:Skip shell extension 'dsv' for command environment
[1.746s] DEBUG:colcon.colcon_core.task.python.build:Available setuptools commands: saveopts, upload_docs, install_headers, clean, setopt, build, bdist_rpm, develop, egg_info, compile_catalog, bdist_egg, register, build_clib, upload, dist_info, easy_install, install_lib, check, editable_wheel, build_scripts, sdist, update_catalog, build_ext, rotate, install_scripts, bdist_dumb, install, install_data, build_py, init_catalog, extract_messages, test, alias, bdist, symlink_data, install_egg_info
[2.165s] DEBUG:colcon.colcon_core.task.python.build:Available setuptools 'develop' options: --egg-path, --dry-run, --script-dir, --no-find-links, --site-dirs, --multi-version, --install-dir, --always-unzip, --index-url, --build-directory, --force-installation-into-system-dir, --record, --find-links, --local-snapshots-ok, --help, --uninstall, --always-copy, --version, --no-user-cfg, --prefix, --user, --exclude-scripts, --editable, --verbose, --no-deps, --allow-hosts, --zip-ok, --install-layout, --optimize, --upgrade, --quiet
[2.181s] DEBUG:colcon.colcon_core.event_handler.log_command:Invoking command in '/home/shreya/ir_line_follower_ws/build/ir_line_follower': PYTHONPATH=/home/shreya/ir_line_follower_ws/build/ir_line_follower/prefix_override:/usr/lib/python3/dist-packages/colcon_core/task/python/colcon_distutils_commands:/home/shreya/ir_line_follower_ws/install/ir_line_follower/lib/python3.12/site-packages:${PYTHONPATH} /usr/bin/python3 -W ignore:setup.py install is deprecated -W ignore:easy_install command is deprecated setup.py develop --editable --build-directory /home/shreya/ir_line_follower_ws/build/ir_line_follower/build --no-deps symlink_data
[3.003s] Level 1:colcon.colcon_core.shell:create_environment_hook('ir_line_follower', 'pythonpath_develop')
[3.003s] INFO:colcon.colcon_core.shell:Creating environment hook '/home/shreya/ir_line_follower_ws/build/ir_line_follower/share/ir_line_follower/hook/pythonpath_develop.ps1'
[3.004s] DEBUG:colcon.colcon_core.event_handler.log_command:Invoked command in '/home/shreya/ir_line_follower_ws/build/ir_line_follower' returned '0': PYTHONPATH=/home/shreya/ir_line_follower_ws/build/ir_line_follower/prefix_override:/usr/lib/python3/dist-packages/colcon_core/task/python/colcon_distutils_commands:/home/shreya/ir_line_follower_ws/install/ir_line_follower/lib/python3.12/site-packages:${PYTHONPATH} /usr/bin/python3 -W ignore:setup.py install is deprecated -W ignore:easy_install command is deprecated setup.py develop --editable --build-directory /home/shreya/ir_line_follower_ws/build/ir_line_follower/build --no-deps symlink_data
[3.005s] INFO:colcon.colcon_core.shell:Creating environment descriptor '/home/shreya/ir_line_follower_ws/build/ir_line_follower/share/ir_line_follower/hook/pythonpath_develop.dsv'
[3.006s] INFO:colcon.colcon_core.shell:Creating environment hook '/home/shreya/ir_line_follower_ws/build/ir_line_follower/share/ir_line_follower/hook/pythonpath_develop.sh'
[3.008s] Level 1:colcon.colcon_core.environment:checking '/home/shreya/ir_line_follower_ws/install/ir_line_follower' for CMake module files
[3.009s] Level 1:colcon.colcon_core.environment:checking '/home/shreya/ir_line_follower_ws/install/ir_line_follower' for CMake config files
[3.009s] Level 1:colcon.colcon_core.environment:checking '/home/shreya/ir_line_follower_ws/install/ir_line_follower/lib'
[3.009s] Level 1:colcon.colcon_core.environment:checking '/home/shreya/ir_line_follower_ws/install/ir_line_follower/bin'
[3.010s] Level 1:colcon.colcon_core.environment:checking '/home/shreya/ir_line_follower_ws/install/ir_line_follower/lib/pkgconfig/ir_line_follower.pc'
[3.010s] Level 1:colcon.colcon_core.environment:checking '/home/shreya/ir_line_follower_ws/install/ir_line_follower/lib/python3.12/site-packages'
[3.010s] Level 1:colcon.colcon_core.shell:create_environment_hook('ir_line_follower', 'pythonpath')
[3.010s] INFO:colcon.colcon_core.shell:Creating environment hook '/home/shreya/ir_line_follower_ws/install/ir_line_follower/share/ir_line_follower/hook/pythonpath.ps1'
[3.011s] INFO:colcon.colcon_core.shell:Creating environment descriptor '/home/shreya/ir_line_follower_ws/install/ir_line_follower/share/ir_line_follower/hook/pythonpath.dsv'
[3.011s] INFO:colcon.colcon_core.shell:Creating environment hook '/home/shreya/ir_line_follower_ws/install/ir_line_follower/share/ir_line_follower/hook/pythonpath.sh'
[3.012s] Level 1:colcon.colcon_core.environment:checking '/home/shreya/ir_line_follower_ws/install/ir_line_follower/bin'
[3.012s] Level 1:colcon.colcon_core.environment:create_environment_scripts_only(ir_line_follower)
[3.012s] INFO:colcon.colcon_core.shell:Creating package script '/home/shreya/ir_line_follower_ws/install/ir_line_follower/share/ir_line_follower/package.ps1'
[3.013s] INFO:colcon.colcon_core.shell:Creating package descriptor '/home/shreya/ir_line_follower_ws/install/ir_line_follower/share/ir_line_follower/package.dsv'
[3.014s] INFO:colcon.colcon_core.shell:Creating package script '/home/shreya/ir_line_follower_ws/install/ir_line_follower/share/ir_line_follower/package.sh'
[3.015s] INFO:colcon.colcon_core.shell:Creating package script '/home/shreya/ir_line_follower_ws/install/ir_line_follower/share/ir_line_follower/package.bash'
[3.015s] INFO:colcon.colcon_core.shell:Creating package script '/home/shreya/ir_line_follower_ws/install/ir_line_follower/share/ir_line_follower/package.zsh'
[3.016s] Level 1:colcon.colcon_core.environment:create_file_with_runtime_dependencies(/home/shreya/ir_line_follower_ws/install/ir_line_follower/share/colcon-core/packages/ir_line_follower)
[3.017s] DEBUG:colcon.colcon_parallel_executor.executor.parallel:closing loop
[3.018s] DEBUG:colcon.colcon_parallel_executor.executor.parallel:loop closed
[3.018s] DEBUG:colcon.colcon_parallel_executor.executor.parallel:run_until_complete finished with '0'
[3.018s] DEBUG:colcon.colcon_core.event_reactor:joining thread
[3.038s] INFO:colcon.colcon_core.plugin_system:Skipping extension 'colcon_notification.desktop_notification.notify_send': Could not find 'notify-send'
[3.038s] INFO:colcon.colcon_core.plugin_system:Skipping extension 'colcon_notification.desktop_notification.terminal_notifier': Not used on non-Darwin systems
[3.039s] INFO:colcon.colcon_core.plugin_system:Skipping extension 'colcon_notification.desktop_notification.win32': Not used on non-Windows systems
[3.039s] INFO:colcon.colcon_notification.desktop_notification:Sending desktop notification using 'notify2'
[3.042s] DEBUG:colcon.colcon_notification.desktop_notification.notify2:Failed to initialize notify2: org.freedesktop.DBus.Error.ServiceUnknown: The name org.freedesktop.Notifications was not provided by any .service files
[3.042s] DEBUG:colcon.colcon_core.event_reactor:joined thread
[3.043s] INFO:colcon.colcon_core.shell:Creating prefix script '/home/shreya/ir_line_follower_ws/install/local_setup.ps1'
[3.044s] INFO:colcon.colcon_core.shell:Creating prefix util module '/home/shreya/ir_line_follower_ws/install/_local_setup_util_ps1.py'
[3.046s] INFO:colcon.colcon_core.shell:Creating prefix chain script '/home/shreya/ir_line_follower_ws/install/setup.ps1'
[3.047s] INFO:colcon.colcon_core.shell:Creating prefix script '/home/shreya/ir_line_follower_ws/install/local_setup.sh'
[3.047s] INFO:colcon.colcon_core.shell:Creating prefix util module '/home/shreya/ir_line_follower_ws/install/_local_setup_util_sh.py'
[3.048s] INFO:colcon.colcon_core.shell:Creating prefix chain script '/home/shreya/ir_line_follower_ws/install/setup.sh'
[3.050s] INFO:colcon.colcon_core.shell:Creating prefix script '/home/shreya/ir_line_follower_ws/install/local_setup.bash'
[3.050s] INFO:colcon.colcon_core.shell:Creating prefix chain script '/home/shreya/ir_line_follower_ws/install/setup.bash'
[3.052s] INFO:colcon.colcon_core.shell:Creating prefix script '/home/shreya/ir_line_follower_ws/install/local_setup.zsh'
[3.053s] INFO:colcon.colcon_core.shell:Creating prefix chain script '/home/shreya/ir_line_follower_ws/install/setup.zsh'
